<?xml version="1.0" encoding="UTF-8"?>
<!-- Generated by org.testng.reporters.JUnitXMLReporter -->
<testsuite ignored="0" hostname="DESKTOP-JL7ICEQ" failures="0" tests="13" name="Test" time="149.572" errors="0" timestamp="2020-06-04T17:58:38 PDT">
  <testcase classname="com.freecrm.testcases.HomeTest" name="hpValiadteDisplayCall" time="0.046"/>
  <testcase classname="com.freecrm.testcases.HomeTest" name="hpValiadteDisplayCompanies" time="0.043"/>
  <testcase classname="com.freecrm.testcases.HomeTest" name="hpValiadteDisplayDeals" time="0.044"/>
  <testcase classname="com.freecrm.testcases.HomeTest" name="hpValidateTitle" time="0.009"/>
  <testcase classname="com.freecrm.testcases.ContactsTest" name="cpTitleValidation" time="0.42"/>
  <testcase classname="com.freecrm.testcases.ContactsTest" name="cpVerifyingContacts" time="0.58"/>
  <testcase classname="com.freecrm.testcases.ContactsTest" name="cplLoginWithMultipleValues" time="6.364"/>
  <testcase classname="com.freecrm.testcases.ContactsTest" name="cplLoginWithMultipleValues" time="6.057"/>
  <testcase classname="com.freecrm.testcases.ContactsTest" name="cplLoginWithMultipleValues" time="6.141"/>
  <testcase classname="com.freecrm.testcases.ContactsTest" name="cplLoginWithMultipleValues" time="5.787"/>
  <testcase classname="com.freecrm.testcases.LoginTest" name="lpValidateTitle" time="0.004"/>
  <testcase classname="com.freecrm.testcases.CompaniesTest" name="cpValidateUrl" time="0.297"/>
  <testcase classname="com.freecrm.testcases.CompaniesTest" name="cpAddNewComapny" time="36.397"/>
</testsuite> <!-- Test -->
