<?xml version="1.0" encoding="UTF-8"?>
<testng-results ignored="0" total="4" passed="3" failed="1" skipped="0">
  <reporter-output>
  </reporter-output>
  <suite started-at="2020-04-02T16:49:56 PDT" name="Default suite" finished-at="2020-04-02T16:51:33 PDT" duration-ms="97109">
    <groups>
    </groups>
    <test started-at="2020-04-02T16:49:56 PDT" name="Default test" finished-at="2020-04-02T16:51:33 PDT" duration-ms="97109">
      <class name="com.auto.testcases.loginTestcase_dd">
        <test-method is-config="true" signature="setup()[pri:0, instance:com.auto.testcases.loginTestcase_dd@29176cc1]" started-at="2020-04-02T16:49:56 PDT" name="setup" finished-at="2020-04-02T16:50:07 PDT" duration-ms="11028" status="PASS">
          <reporter-output>
          </reporter-output>
        </test-method> <!-- setup -->
        <test-method signature="login_dd(java.lang.String, java.lang.String)[pri:0, instance:com.auto.testcases.loginTestcase_dd@29176cc1]" started-at="2020-04-02T16:50:07 PDT" name="login_dd" data-provider="getTestData_dd" finished-at="2020-04-02T16:50:09 PDT" duration-ms="1202" status="PASS">
          <params>
            <param index="0">
              <value>
                <![CDATA[finijesto@gmail.com]]>
              </value>
            </param>
            <param index="1">
              <value>
                <![CDATA[hhhhaaja]]>
              </value>
            </param>
          </params>
          <reporter-output>
          </reporter-output>
        </test-method> <!-- login_dd -->
        <test-method is-config="true" signature="setup()[pri:0, instance:com.auto.testcases.loginTestcase_dd@29176cc1]" started-at="2020-04-02T16:50:09 PDT" name="setup" finished-at="2020-04-02T16:50:17 PDT" duration-ms="8473" status="PASS">
          <reporter-output>
          </reporter-output>
        </test-method> <!-- setup -->
        <test-method signature="login_dd(java.lang.String, java.lang.String)[pri:0, instance:com.auto.testcases.loginTestcase_dd@29176cc1]" started-at="2020-04-02T16:50:17 PDT" name="login_dd" data-provider="getTestData_dd" finished-at="2020-04-02T16:50:18 PDT" duration-ms="847" status="PASS">
          <params>
            <param index="0">
              <value>
                <![CDATA[issajesto@yahoo.com]]>
              </value>
            </param>
            <param index="1">
              <value>
                <![CDATA[qrrqr]]>
              </value>
            </param>
          </params>
          <reporter-output>
          </reporter-output>
        </test-method> <!-- login_dd -->
        <test-method is-config="true" signature="setup()[pri:0, instance:com.auto.testcases.loginTestcase_dd@29176cc1]" started-at="2020-04-02T16:50:18 PDT" name="setup" finished-at="2020-04-02T16:50:26 PDT" duration-ms="8452" status="PASS">
          <reporter-output>
          </reporter-output>
        </test-method> <!-- setup -->
        <test-method signature="login_dd(java.lang.String, java.lang.String)[pri:0, instance:com.auto.testcases.loginTestcase_dd@29176cc1]" started-at="2020-04-02T16:50:26 PDT" name="login_dd" data-provider="getTestData_dd" finished-at="2020-04-02T16:51:21 PDT" duration-ms="54699" status="FAIL">
          <params>
            <param index="0">
              <value>
                <![CDATA[finijesto@gmail.com]]>
              </value>
            </param>
            <param index="1">
              <value>
                <![CDATA[ghjhgjhg]]>
              </value>
            </param>
          </params>
          <exception class="org.openqa.selenium.NoSuchWindowException">
            <message>
              <![CDATA[no such window: target window already closed
from unknown error: web view not found
  (Session info: chrome=80.0.3987.149)
Build info: version: '3.141.59', revision: 'e82be7d358', time: '2018-11-14T08:17:03'
System info: host: 'DESKTOP-JL7ICEQ', ip: '10.254.11.2', os.name: 'Windows 10', os.arch: 'amd64', os.version: '10.0', java.version: '13.0.2'
Driver info: org.openqa.selenium.chrome.ChromeDriver
Capabilities {acceptInsecureCerts: false, browserName: chrome, browserVersion: 80.0.3987.149, chrome: {chromedriverVersion: 80.0.3987.106 (f68069574609..., userDataDir: C:\Users\anton\AppData\Loca...}, goog:chromeOptions: {debuggerAddress: localhost:49587}, javascriptEnabled: true, networkConnectionEnabled: false, pageLoadStrategy: normal, platform: WINDOWS, platformName: WINDOWS, proxy: Proxy(), setWindowRect: true, strictFileInteractability: false, timeouts: {implicit: 0, pageLoad: 300000, script: 30000}, unhandledPromptBehavior: dismiss and notify}
Session ID: 7700c3800f51a5be90e36c812d12b1a0
*** Element info: {Using=id, value=email}]]>
            </message>
            <full-stacktrace>
              <![CDATA[org.openqa.selenium.NoSuchWindowException: no such window: target window already closed
from unknown error: web view not found
  (Session info: chrome=80.0.3987.149)
Build info: version: '3.141.59', revision: 'e82be7d358', time: '2018-11-14T08:17:03'
System info: host: 'DESKTOP-JL7ICEQ', ip: '10.254.11.2', os.name: 'Windows 10', os.arch: 'amd64', os.version: '10.0', java.version: '13.0.2'
Driver info: org.openqa.selenium.chrome.ChromeDriver
Capabilities {acceptInsecureCerts: false, browserName: chrome, browserVersion: 80.0.3987.149, chrome: {chromedriverVersion: 80.0.3987.106 (f68069574609..., userDataDir: C:\Users\anton\AppData\Loca...}, goog:chromeOptions: {debuggerAddress: localhost:49587}, javascriptEnabled: true, networkConnectionEnabled: false, pageLoadStrategy: normal, platform: WINDOWS, platformName: WINDOWS, proxy: Proxy(), setWindowRect: true, strictFileInteractability: false, timeouts: {implicit: 0, pageLoad: 300000, script: 30000}, unhandledPromptBehavior: dismiss and notify}
Session ID: 7700c3800f51a5be90e36c812d12b1a0
*** Element info: {Using=id, value=email}
at java.base/jdk.internal.reflect.NativeConstructorAccessorImpl.newInstance0(Native Method)
at java.base/jdk.internal.reflect.NativeConstructorAccessorImpl.newInstance(NativeConstructorAccessorImpl.java:62)
at java.base/jdk.internal.reflect.DelegatingConstructorAccessorImpl.newInstance(DelegatingConstructorAccessorImpl.java:45)
at java.base/java.lang.reflect.Constructor.newInstanceWithCaller(Constructor.java:500)
at java.base/java.lang.reflect.Constructor.newInstance(Constructor.java:481)
at org.openqa.selenium.remote.http.W3CHttpResponseCodec.createException(W3CHttpResponseCodec.java:187)
at org.openqa.selenium.remote.http.W3CHttpResponseCodec.decode(W3CHttpResponseCodec.java:122)
at org.openqa.selenium.remote.http.W3CHttpResponseCodec.decode(W3CHttpResponseCodec.java:49)
at org.openqa.selenium.remote.HttpCommandExecutor.execute(HttpCommandExecutor.java:158)
at org.openqa.selenium.remote.service.DriverCommandExecutor.execute(DriverCommandExecutor.java:83)
at org.openqa.selenium.remote.RemoteWebDriver.execute(RemoteWebDriver.java:552)
at org.openqa.selenium.remote.RemoteWebDriver.findElement(RemoteWebDriver.java:323)
at org.openqa.selenium.remote.RemoteWebDriver.findElementById(RemoteWebDriver.java:372)
at org.openqa.selenium.By$ById.findElement(By.java:188)
at org.openqa.selenium.remote.RemoteWebDriver.findElement(RemoteWebDriver.java:315)
at org.openqa.selenium.support.pagefactory.DefaultElementLocator.findElement(DefaultElementLocator.java:69)
at org.openqa.selenium.support.pagefactory.internal.LocatingElementHandler.invoke(LocatingElementHandler.java:38)
at com.sun.proxy.$Proxy12.sendKeys(Unknown Source)
at com.auto.pages.LoginPage.login(LoginPage.java:41)
at com.auto.testcases.loginTestcase_dd.login_dd(loginTestcase_dd.java:56)
at java.base/jdk.internal.reflect.NativeMethodAccessorImpl.invoke0(Native Method)
at java.base/jdk.internal.reflect.NativeMethodAccessorImpl.invoke(NativeMethodAccessorImpl.java:62)
at java.base/jdk.internal.reflect.DelegatingMethodAccessorImpl.invoke(DelegatingMethodAccessorImpl.java:43)
at java.base/java.lang.reflect.Method.invoke(Method.java:567)
at org.testng.internal.MethodInvocationHelper.invokeMethod(MethodInvocationHelper.java:134)
at org.testng.internal.TestInvoker.invokeMethod(TestInvoker.java:597)
at org.testng.internal.TestInvoker.invokeTestMethod(TestInvoker.java:173)
at org.testng.internal.MethodRunner.runInSequence(MethodRunner.java:46)
at org.testng.internal.TestInvoker$MethodInvocationAgent.invoke(TestInvoker.java:816)
at org.testng.internal.TestInvoker.invokeTestMethods(TestInvoker.java:146)
at org.testng.internal.TestMethodWorker.invokeTestMethods(TestMethodWorker.java:146)
at org.testng.internal.TestMethodWorker.run(TestMethodWorker.java:128)
at java.base/java.util.ArrayList.forEach(ArrayList.java:1507)
at org.testng.TestRunner.privateRun(TestRunner.java:766)
at org.testng.TestRunner.run(TestRunner.java:587)
at org.testng.SuiteRunner.runTest(SuiteRunner.java:384)
at org.testng.SuiteRunner.runSequentially(SuiteRunner.java:378)
at org.testng.SuiteRunner.privateRun(SuiteRunner.java:337)
at org.testng.SuiteRunner.run(SuiteRunner.java:286)
at org.testng.SuiteRunnerWorker.runSuite(SuiteRunnerWorker.java:53)
at org.testng.SuiteRunnerWorker.run(SuiteRunnerWorker.java:96)
at org.testng.TestNG.runSuitesSequentially(TestNG.java:1187)
at org.testng.TestNG.runSuitesLocally(TestNG.java:1109)
at org.testng.TestNG.runSuites(TestNG.java:1039)
at org.testng.TestNG.run(TestNG.java:1007)
at org.testng.remote.AbstractRemoteTestNG.run(AbstractRemoteTestNG.java:115)
at org.testng.remote.RemoteTestNG.initAndRun(RemoteTestNG.java:251)
at org.testng.remote.RemoteTestNG.main(RemoteTestNG.java:77)
]]>
            </full-stacktrace>
          </exception> <!-- org.openqa.selenium.NoSuchWindowException -->
          <reporter-output>
          </reporter-output>
        </test-method> <!-- login_dd -->
        <test-method is-config="true" signature="setup()[pri:0, instance:com.auto.testcases.loginTestcase_dd@29176cc1]" started-at="2020-04-02T16:51:21 PDT" name="setup" finished-at="2020-04-02T16:51:32 PDT" duration-ms="10693" status="PASS">
          <reporter-output>
          </reporter-output>
        </test-method> <!-- setup -->
        <test-method signature="login_dd(java.lang.String, java.lang.String)[pri:0, instance:com.auto.testcases.loginTestcase_dd@29176cc1]" started-at="2020-04-02T16:51:32 PDT" name="login_dd" data-provider="getTestData_dd" finished-at="2020-04-02T16:51:33 PDT" duration-ms="1108" status="PASS">
          <params>
            <param index="0">
              <value>
                <![CDATA[asssdad]]>
              </value>
            </param>
            <param index="1">
              <value>
                <![CDATA[dfsdgds]]>
              </value>
            </param>
          </params>
          <reporter-output>
          </reporter-output>
        </test-method> <!-- login_dd -->
      </class> <!-- com.auto.testcases.loginTestcase_dd -->
    </test> <!-- Default test -->
  </suite> <!-- Default suite -->
</testng-results>
